BuildDependencies begin
BuildDependencies support_lib_done count=3
BuildDependencies ecom_parse_begin bytes=85
BuildDependencies ecom_parse_ok count=1
BuildDependencies end count=4
BuildProgramPages begin
BuildProgramPages page=调试 funcs=2
BuildProgramPages page=程序集_常用程序 funcs=33
BuildProgramPages page=程序集_内部调用 funcs=224
BuildProgramPages page=雷神专用 funcs=40
BuildProgramPages page=雷神adb操作 funcs=203
BuildProgramPages page=雷神lsconsole操作 funcs=189
BuildProgramPages page=雷神ls操作 funcs=130
BuildProgramPages page=地图功能 funcs=23
BuildProgramPages page=正则表达式类 funcs=10
BuildProgramPages page=类_匿名管道 funcs=13
BuildProgramPages page=MuMu专用 funcs=18
BuildProgramPages page=雷神_配置项 funcs=19
BuildProgramPages page=类_高性能读写锁 funcs=13
BuildProgramPages page=MuMu管理器 funcs=90
BuildProgramPages page=窗口程序集_窗口_模块调试 funcs=54
BuildProgramPages page=程序集_文本操作 funcs=26
BuildProgramPages page=程序集_数值转换 funcs=49
BuildProgramPages page=程序集_指针操作 funcs=29
BuildProgramPages page=程序集_原子操作 funcs=11
BuildProgramPages page=类_编码转换 funcs=29
BuildProgramPages page=类_哈希表 funcs=97
BuildProgramPages page=类_计时 funcs=9
BuildProgramPages page=类_数组 funcs=36
BuildProgramPages page=类_队列 funcs=25
BuildProgramPages page=程序集_内存调用 funcs=4
BuildProgramPages page=程序集_解压缩 funcs=10
BuildProgramPages end count=26
BuildDependencies begin
BuildDependencies support_lib_done count=1
BuildDependencies ecom_parse_begin bytes=0
BuildDependencies ecom_parse_ok count=0
BuildDependencies end count=1
BuildProgramPages begin
BuildProgramPages page=匿名程序集_1 funcs=6
BuildProgramPages page=zyJsonValue funcs=99
BuildProgramPages page=匿名程序集_2 funcs=129
BuildProgramPages page=匿名程序集_3 funcs=22
BuildProgramPages page=匿名程序集_4 funcs=9
BuildProgramPages page=匿名程序集_5 funcs=13
BuildProgramPages page=匿名程序集_6 funcs=20
BuildProgramPages page=匿名程序集_7 funcs=69
BuildProgramPages page=zyJsonDocument funcs=14
BuildProgramPages page=匿名程序集_8 funcs=16
BuildProgramPages page=匿名程序集_9 funcs=5
BuildProgramPages page=匿名程序集_10 funcs=23
BuildProgramPages end count=12
BuildDependencies begin
BuildDependencies support_lib_done count=1
BuildDependencies ecom_parse_begin bytes=0
BuildDependencies ecom_parse_ok count=0
BuildDependencies end count=1
BuildProgramPages begin
BuildProgramPages page=匿名程序集_1 funcs=6
BuildProgramPages page=zyJsonValue funcs=99
BuildProgramPages page=匿名程序集_2 funcs=129
BuildProgramPages page=匿名程序集_3 funcs=22
BuildProgramPages page=匿名程序集_4 funcs=9
BuildProgramPages page=匿名程序集_5 funcs=13
BuildProgramPages page=匿名程序集_6 funcs=20
BuildProgramPages page=匿名程序集_7 funcs=69
BuildProgramPages page=zyJsonDocument funcs=14
BuildProgramPages page=匿名程序集_8 funcs=16
BuildProgramPages page=匿名程序集_9 funcs=5
BuildProgramPages page=匿名程序集_10 funcs=23
BuildProgramPages end count=12
BuildDependencies begin
BuildDependencies support_lib_done count=3
BuildDependencies ecom_parse_begin bytes=85
BuildDependencies ecom_parse_ok count=1
BuildDependencies end count=4
BuildProgramPages begin
BuildProgramPages page=调试 funcs=2
BuildProgramPages page=程序集_常用程序 funcs=33
BuildProgramPages page=程序集_内部调用 funcs=224
BuildProgramPages page=雷神专用 funcs=40
BuildProgramPages page=雷神adb操作 funcs=203
BuildProgramPages page=雷神lsconsole操作 funcs=189
BuildProgramPages page=雷神ls操作 funcs=130
BuildProgramPages page=地图功能 funcs=23
BuildProgramPages page=正则表达式类 funcs=10
BuildProgramPages page=类_匿名管道 funcs=13
BuildProgramPages page=MuMu专用 funcs=18
BuildProgramPages page=雷神_配置项 funcs=19
BuildProgramPages page=类_高性能读写锁 funcs=13
BuildProgramPages page=MuMu管理器 funcs=90
BuildProgramPages page=窗口程序集_窗口_模块调试 funcs=54
BuildProgramPages page=程序集_文本操作 funcs=26
BuildProgramPages page=程序集_数值转换 funcs=49
BuildProgramPages page=程序集_指针操作 funcs=29
BuildProgramPages page=程序集_原子操作 funcs=11
BuildProgramPages page=类_编码转换 funcs=29
BuildProgramPages page=类_哈希表 funcs=97
BuildProgramPages page=类_计时 funcs=9
BuildProgramPages page=类_数组 funcs=36
BuildProgramPages page=类_队列 funcs=25
BuildProgramPages page=程序集_内存调用 funcs=4
BuildProgramPages page=程序集_解压缩 funcs=10
BuildProgramPages end count=26
BuildDependencies begin
BuildDependencies support_lib_done count=1
BuildDependencies ecom_parse_begin bytes=0
BuildDependencies ecom_parse_ok count=0
BuildDependencies end count=1
BuildProgramPages begin
BuildProgramPages page=匿名程序集_1 funcs=6
BuildProgramPages page=zyJsonValue funcs=99
BuildProgramPages page=匿名程序集_2 funcs=129
BuildProgramPages page=匿名程序集_3 funcs=22
BuildProgramPages page=匿名程序集_4 funcs=9
BuildProgramPages page=匿名程序集_5 funcs=13
BuildProgramPages page=匿名程序集_6 funcs=20
BuildProgramPages page=匿名程序集_7 funcs=69
BuildProgramPages page=zyJsonDocument funcs=14
BuildProgramPages page=匿名程序集_8 funcs=16
BuildProgramPages page=匿名程序集_9 funcs=5
BuildProgramPages page=匿名程序集_10 funcs=23
BuildProgramPages end count=12
BuildDependencies begin
BuildDependencies support_lib_done count=1
BuildDependencies ecom_parse_begin bytes=0
BuildDependencies ecom_parse_ok count=0
BuildDependencies end count=1
BuildProgramPages begin
BuildProgramPages page=匿名程序集_1 funcs=6
BuildProgramPages page=zyJsonValue funcs=99
BuildProgramPages page=匿名程序集_2 funcs=129
BuildProgramPages page=匿名程序集_3 funcs=22
BuildProgramPages page=匿名程序集_4 funcs=9
BuildProgramPages page=匿名程序集_5 funcs=13
BuildProgramPages page=匿名程序集_6 funcs=20
BuildProgramPages page=匿名程序集_7 funcs=69
BuildProgramPages page=zyJsonDocument funcs=14
BuildProgramPages page=匿名程序集_8 funcs=16
BuildProgramPages page=匿名程序集_9 funcs=5
BuildProgramPages page=匿名程序集_10 funcs=23
BuildProgramPages end count=12
BuildDependencies begin
BuildDependencies support_lib_done count=3
BuildDependencies ecom_parse_begin bytes=85
BuildDependencies ecom_parse_ok count=1
BuildDependencies end count=4
BuildProgramPages begin
BuildProgramPages page=调试 funcs=2
BuildProgramPages page=程序集_常用程序 funcs=33
BuildProgramPages page=程序集_内部调用 funcs=224
BuildProgramPages page=雷神专用 funcs=40
BuildProgramPages page=雷神adb操作 funcs=203
BuildProgramPages page=雷神lsconsole操作 funcs=189
BuildProgramPages page=雷神ls操作 funcs=130
BuildProgramPages page=地图功能 funcs=23
BuildProgramPages page=正则表达式类 funcs=10
BuildProgramPages page=类_匿名管道 funcs=13
BuildProgramPages page=MuMu专用 funcs=18
BuildProgramPages page=雷神_配置项 funcs=19
BuildProgramPages page=类_高性能读写锁 funcs=13
BuildProgramPages page=MuMu管理器 funcs=90
BuildProgramPages page=窗口程序集_窗口_模块调试 funcs=54
BuildProgramPages page=程序集_文本操作 funcs=26
BuildProgramPages page=程序集_数值转换 funcs=49
BuildProgramPages page=程序集_指针操作 funcs=29
BuildProgramPages page=程序集_原子操作 funcs=11
BuildProgramPages page=类_编码转换 funcs=29
BuildProgramPages page=类_哈希表 funcs=97
BuildProgramPages page=类_计时 funcs=9
BuildProgramPages page=类_数组 funcs=36
BuildProgramPages page=类_队列 funcs=25
BuildProgramPages page=程序集_内存调用 funcs=4
BuildProgramPages page=程序集_解压缩 funcs=10
BuildProgramPages end count=26
BuildDependencies begin
BuildDependencies support_lib_done count=1
BuildDependencies ecom_parse_begin bytes=0
BuildDependencies ecom_parse_ok count=0
BuildDependencies end count=1
BuildProgramPages begin
BuildProgramPages page=匿名程序集_1 funcs=6
BuildProgramPages page=zyJsonValue funcs=99
BuildProgramPages page=匿名程序集_2 funcs=129
BuildProgramPages page=匿名程序集_3 funcs=22
BuildProgramPages page=匿名程序集_4 funcs=9
BuildProgramPages page=匿名程序集_5 funcs=13
BuildProgramPages page=匿名程序集_6 funcs=20
BuildProgramPages page=匿名程序集_7 funcs=69
BuildProgramPages page=zyJsonDocument funcs=14
BuildProgramPages page=匿名程序集_8 funcs=16
BuildProgramPages page=匿名程序集_9 funcs=5
BuildProgramPages page=匿名程序集_10 funcs=23
BuildProgramPages end count=12
BuildDependencies begin
BuildDependencies support_lib_done count=1
BuildDependencies ecom_parse_begin bytes=0
BuildDependencies ecom_parse_ok count=0
BuildDependencies end count=1
BuildProgramPages begin
BuildProgramPages page=匿名程序集_1 funcs=6
BuildProgramPages page=zyJsonValue funcs=99
BuildProgramPages page=匿名程序集_2 funcs=129
BuildProgramPages page=匿名程序集_3 funcs=22
BuildProgramPages page=匿名程序集_4 funcs=9
BuildProgramPages page=匿名程序集_5 funcs=13
BuildProgramPages page=匿名程序集_6 funcs=20
BuildProgramPages page=匿名程序集_7 funcs=69
BuildProgramPages page=zyJsonDocument funcs=14
BuildProgramPages page=匿名程序集_8 funcs=16
BuildProgramPages page=匿名程序集_9 funcs=5
BuildProgramPages page=匿名程序集_10 funcs=23
BuildProgramPages end count=12
BuildDependencies begin
BuildDependencies support_lib_done count=3
BuildDependencies ecom_parse_begin bytes=85
BuildDependencies ecom_parse_ok count=1
BuildDependencies end count=4
BuildProgramPages begin
BuildProgramPages page=调试 funcs=2
BuildProgramPages page=程序集_常用程序 funcs=33
BuildProgramPages page=程序集_内部调用 funcs=224
BuildProgramPages page=雷神专用 funcs=40
BuildProgramPages page=雷神adb操作 funcs=203
BuildProgramPages page=雷神lsconsole操作 funcs=189
BuildProgramPages page=雷神ls操作 funcs=130
BuildProgramPages page=地图功能 funcs=23
BuildProgramPages page=正则表达式类 funcs=10
BuildProgramPages page=类_匿名管道 funcs=13
BuildProgramPages page=MuMu专用 funcs=18
BuildProgramPages page=雷神_配置项 funcs=19
BuildProgramPages page=类_高性能读写锁 funcs=13
BuildProgramPages page=MuMu管理器 funcs=90
BuildProgramPages page=窗口程序集_窗口_模块调试 funcs=54
BuildProgramPages page=程序集_文本操作 funcs=26
BuildProgramPages page=程序集_数值转换 funcs=49
BuildProgramPages page=程序集_指针操作 funcs=29
BuildProgramPages page=程序集_原子操作 funcs=11
BuildProgramPages page=类_编码转换 funcs=29
BuildProgramPages page=类_哈希表 funcs=97
BuildProgramPages page=类_计时 funcs=9
BuildProgramPages page=类_数组 funcs=36
BuildProgramPages page=类_队列 funcs=25
BuildProgramPages page=程序集_内存调用 funcs=4
BuildProgramPages page=程序集_解压缩 funcs=10
BuildProgramPages end count=26
BuildDependencies begin
BuildDependencies support_lib_done count=1
BuildDependencies ecom_parse_begin bytes=0
BuildDependencies ecom_parse_ok count=0
BuildDependencies end count=1
BuildProgramPages begin
BuildProgramPages page=匿名程序集_1 funcs=6
BuildProgramPages page=zyJsonValue funcs=99
BuildProgramPages page=匿名程序集_2 funcs=129
BuildProgramPages page=匿名程序集_3 funcs=22
BuildProgramPages page=匿名程序集_4 funcs=9
BuildProgramPages page=匿名程序集_5 funcs=13
BuildProgramPages page=匿名程序集_6 funcs=20
BuildProgramPages page=匿名程序集_7 funcs=69
BuildProgramPages page=zyJsonDocument funcs=14
BuildProgramPages page=匿名程序集_8 funcs=16
BuildProgramPages page=匿名程序集_9 funcs=5
BuildProgramPages page=匿名程序集_10 funcs=23
BuildProgramPages end count=12
BuildDependencies begin
BuildDependencies support_lib_done count=1
BuildDependencies ecom_parse_begin bytes=0
BuildDependencies ecom_parse_ok count=0
BuildDependencies end count=1
BuildProgramPages begin
BuildProgramPages page=匿名程序集_1 funcs=6
BuildProgramPages page=zyJsonValue funcs=99
BuildProgramPages page=匿名程序集_2 funcs=129
BuildProgramPages page=匿名程序集_3 funcs=22
BuildProgramPages page=匿名程序集_4 funcs=9
BuildProgramPages page=匿名程序集_5 funcs=13
BuildProgramPages page=匿名程序集_6 funcs=20
BuildProgramPages page=匿名程序集_7 funcs=69
BuildProgramPages page=zyJsonDocument funcs=14
BuildProgramPages page=匿名程序集_8 funcs=16
BuildProgramPages page=匿名程序集_9 funcs=5
BuildProgramPages page=匿名程序集_10 funcs=23
BuildProgramPages end count=12
BuildDependencies begin
BuildDependencies support_lib_done count=3
BuildDependencies ecom_parse_begin bytes=85
BuildDependencies ecom_parse_ok count=1
BuildDependencies end count=4
BuildProgramPages begin
BuildProgramPages page=调试 funcs=2
BuildProgramPages page=程序集_常用程序 funcs=33
BuildProgramPages page=程序集_内部调用 funcs=224
BuildProgramPages page=雷神专用 funcs=40
BuildProgramPages page=雷神adb操作 funcs=203
BuildProgramPages page=雷神lsconsole操作 funcs=189
BuildProgramPages page=雷神ls操作 funcs=130
BuildProgramPages page=地图功能 funcs=23
BuildProgramPages page=正则表达式类 funcs=10
BuildProgramPages page=类_匿名管道 funcs=13
BuildProgramPages page=MuMu专用 funcs=18
BuildProgramPages page=雷神_配置项 funcs=19
BuildProgramPages page=类_高性能读写锁 funcs=13
BuildProgramPages page=MuMu管理器 funcs=90
BuildProgramPages page=窗口程序集_窗口_模块调试 funcs=54
BuildProgramPages page=程序集_文本操作 funcs=26
BuildProgramPages page=程序集_数值转换 funcs=49
BuildProgramPages page=程序集_指针操作 funcs=29
BuildProgramPages page=程序集_原子操作 funcs=11
BuildProgramPages page=类_编码转换 funcs=29
BuildProgramPages page=类_哈希表 funcs=97
BuildProgramPages page=类_计时 funcs=9
BuildProgramPages page=类_数组 funcs=36
BuildProgramPages page=类_队列 funcs=25
BuildProgramPages page=程序集_内存调用 funcs=4
BuildProgramPages page=程序集_解压缩 funcs=10
BuildProgramPages end count=26
